<?xml version="1.0" encoding="UTF-8"?>
<testsuite xmlns:xsi="http://www.w3.org/2001/XMLSchema-instance" xsi:noNamespaceSchemaLocation="https://maven.apache.org/surefire/maven-surefire-plugin/xsd/surefire-test-report.xsd" name="com.configure.restclient.client.EmployeeGetRestClientTest" time="5.874" tests="8" errors="0" skipped="0" failures="0">
  <properties>
    <property name="gopherProxySet" value="false"/>
    <property name="awt.toolkit" value="sun.lwawt.macosx.LWCToolkit"/>
    <property name="java.specification.version" value="11"/>
    <property name="sun.cpu.isalist" value=""/>
    <property name="sun.jnu.encoding" value="UTF-8"/>
    <property name="java.class.path" value="/Users/sashankasamantray/my_projects/backend/http-clients/rest-client/target/test-classes:/Users/sashankasamantray/my_projects/backend/http-clients/rest-client/target/classes:/Users/sashankasamantray/mavenrepo_local/org/springframework/boot/spring-boot-starter-data-jpa/2.2.6.RELEASE/spring-boot-starter-data-jpa-2.2.6.RELEASE.jar:/Users/sashankasamantray/mavenrepo_local/org/springframework/boot/spring-boot-starter-aop/2.2.6.RELEASE/spring-boot-starter-aop-2.2.6.RELEASE.jar:/Users/sashankasamantray/mavenrepo_local/org/springframework/spring-aop/5.2.5.RELEASE/spring-aop-5.2.5.RELEASE.jar:/Users/sashankasamantray/mavenrepo_local/org/aspectj/aspectjweaver/1.9.5/aspectjweaver-1.9.5.jar:/Users/sashankasamantray/mavenrepo_local/org/springframework/boot/spring-boot-starter-jdbc/2.2.6.RELEASE/spring-boot-starter-jdbc-2.2.6.RELEASE.jar:/Users/sashankasamantray/mavenrepo_local/com/zaxxer/HikariCP/3.4.2/HikariCP-3.4.2.jar:/Users/sashankasamantray/mavenrepo_local/org/springframework/spring-jdbc/5.2.5.RELEASE/spring-jdbc-5.2.5.RELEASE.jar:/Users/sashankasamantray/mavenrepo_local/jakarta/activation/jakarta.activation-api/1.2.2/jakarta.activation-api-1.2.2.jar:/Users/sashankasamantray/mavenrepo_local/jakarta/persistence/jakarta.persistence-api/2.2.3/jakarta.persistence-api-2.2.3.jar:/Users/sashankasamantray/mavenrepo_local/jakarta/transaction/jakarta.transaction-api/1.3.3/jakarta.transaction-api-1.3.3.jar:/Users/sashankasamantray/mavenrepo_local/org/hibernate/hibernate-core/5.4.12.Final/hibernate-core-5.4.12.Final.jar:/Users/sashankasamantray/mavenrepo_local/org/jboss/logging/jboss-logging/3.4.1.Final/jboss-logging-3.4.1.Final.jar:/Users/sashankasamantray/mavenrepo_local/org/javassist/javassist/3.24.0-GA/javassist-3.24.0-GA.jar:/Users/sashankasamantray/mavenrepo_local/net/bytebuddy/byte-buddy/1.10.8/byte-buddy-1.10.8.jar:/Users/sashankasamantray/mavenrepo_local/antlr/antlr/2.7.7/antlr-2.7.7.jar:/Users/sashankasamantray/mavenrepo_local/org/jboss/jandex/2.1.1.Final/jandex-2.1.1.Final.jar:/Users/sashankasamantray/mavenrepo_local/com/fasterxml/classmate/1.5.1/classmate-1.5.1.jar:/Users/sashankasamantray/mavenrepo_local/org/dom4j/dom4j/2.1.1/dom4j-2.1.1.jar:/Users/sashankasamantray/mavenrepo_local/org/hibernate/common/hibernate-commons-annotations/5.1.0.Final/hibernate-commons-annotations-5.1.0.Final.jar:/Users/sashankasamantray/mavenrepo_local/org/glassfish/jaxb/jaxb-runtime/2.3.2/jaxb-runtime-2.3.2.jar:/Users/sashankasamantray/mavenrepo_local/org/glassfish/jaxb/txw2/2.3.2/txw2-2.3.2.jar:/Users/sashankasamantray/mavenrepo_local/com/sun/istack/istack-commons-runtime/3.0.8/istack-commons-runtime-3.0.8.jar:/Users/sashankasamantray/mavenrepo_local/org/jvnet/staxex/stax-ex/1.8.1/stax-ex-1.8.1.jar:/Users/sashankasamantray/mavenrepo_local/com/sun/xml/fastinfoset/FastInfoset/1.2.16/FastInfoset-1.2.16.jar:/Users/sashankasamantray/mavenrepo_local/org/springframework/data/spring-data-jpa/2.2.6.RELEASE/spring-data-jpa-2.2.6.RELEASE.jar:/Users/sashankasamantray/mavenrepo_local/org/springframework/data/spring-data-commons/2.2.6.RELEASE/spring-data-commons-2.2.6.RELEASE.jar:/Users/sashankasamantray/mavenrepo_local/org/springframework/spring-orm/5.2.5.RELEASE/spring-orm-5.2.5.RELEASE.jar:/Users/sashankasamantray/mavenrepo_local/org/springframework/spring-context/5.2.5.RELEASE/spring-context-5.2.5.RELEASE.jar:/Users/sashankasamantray/mavenrepo_local/org/springframework/spring-tx/5.2.5.RELEASE/spring-tx-5.2.5.RELEASE.jar:/Users/sashankasamantray/mavenrepo_local/org/springframework/spring-beans/5.2.5.RELEASE/spring-beans-5.2.5.RELEASE.jar:/Users/sashankasamantray/mavenrepo_local/org/slf4j/slf4j-api/1.7.30/slf4j-api-1.7.30.jar:/Users/sashankasamantray/mavenrepo_local/org/springframework/spring-aspects/5.2.5.RELEASE/spring-aspects-5.2.5.RELEASE.jar:/Users/sashankasamantray/mavenrepo_local/org/springframework/boot/spring-boot-starter-web/2.2.6.RELEASE/spring-boot-starter-web-2.2.6.RELEASE.jar:/Users/sashankasamantray/mavenrepo_local/org/springframework/boot/spring-boot-starter/2.2.6.RELEASE/spring-boot-starter-2.2.6.RELEASE.jar:/Users/sashankasamantray/mavenrepo_local/org/springframework/boot/spring-boot-starter-logging/2.2.6.RELEASE/spring-boot-starter-logging-2.2.6.RELEASE.jar:/Users/sashankasamantray/mavenrepo_local/ch/qos/logback/logback-classic/1.2.3/logback-classic-1.2.3.jar:/Users/sashankasamantray/mavenrepo_local/ch/qos/logback/logback-core/1.2.3/logback-core-1.2.3.jar:/Users/sashankasamantray/mavenrepo_local/org/apache/logging/log4j/log4j-to-slf4j/2.12.1/log4j-to-slf4j-2.12.1.jar:/Users/sashankasamantray/mavenrepo_local/org/apache/logging/log4j/log4j-api/2.12.1/log4j-api-2.12.1.jar:/Users/sashankasamantray/mavenrepo_local/org/slf4j/jul-to-slf4j/1.7.30/jul-to-slf4j-1.7.30.jar:/Users/sashankasamantray/mavenrepo_local/jakarta/annotation/jakarta.annotation-api/1.3.5/jakarta.annotation-api-1.3.5.jar:/Users/sashankasamantray/mavenrepo_local/org/yaml/snakeyaml/1.25/snakeyaml-1.25.jar:/Users/sashankasamantray/mavenrepo_local/org/springframework/boot/spring-boot-starter-json/2.2.6.RELEASE/spring-boot-starter-json-2.2.6.RELEASE.jar:/Users/sashankasamantray/mavenrepo_local/com/fasterxml/jackson/core/jackson-databind/2.10.3/jackson-databind-2.10.3.jar:/Users/sashankasamantray/mavenrepo_local/com/fasterxml/jackson/core/jackson-annotations/2.10.3/jackson-annotations-2.10.3.jar:/Users/sashankasamantray/mavenrepo_local/com/fasterxml/jackson/core/jackson-core/2.10.3/jackson-core-2.10.3.jar:/Users/sashankasamantray/mavenrepo_local/com/fasterxml/jackson/datatype/jackson-datatype-jdk8/2.10.3/jackson-datatype-jdk8-2.10.3.jar:/Users/sashankasamantray/mavenrepo_local/com/fasterxml/jackson/datatype/jackson-datatype-jsr310/2.10.3/jackson-datatype-jsr310-2.10.3.jar:/Users/sashankasamantray/mavenrepo_local/com/fasterxml/jackson/module/jackson-module-parameter-names/2.10.3/jackson-module-parameter-names-2.10.3.jar:/Users/sashankasamantray/mavenrepo_local/org/springframework/boot/spring-boot-starter-tomcat/2.2.6.RELEASE/spring-boot-starter-tomcat-2.2.6.RELEASE.jar:/Users/sashankasamantray/mavenrepo_local/org/apache/tomcat/embed/tomcat-embed-core/9.0.33/tomcat-embed-core-9.0.33.jar:/Users/sashankasamantray/mavenrepo_local/org/apache/tomcat/embed/tomcat-embed-el/9.0.33/tomcat-embed-el-9.0.33.jar:/Users/sashankasamantray/mavenrepo_local/org/apache/tomcat/embed/tomcat-embed-websocket/9.0.33/tomcat-embed-websocket-9.0.33.jar:/Users/sashankasamantray/mavenrepo_local/org/springframework/boot/spring-boot-starter-validation/2.2.6.RELEASE/spring-boot-starter-validation-2.2.6.RELEASE.jar:/Users/sashankasamantray/mavenrepo_local/jakarta/validation/jakarta.validation-api/2.0.2/jakarta.validation-api-2.0.2.jar:/Users/sashankasamantray/mavenrepo_local/org/hibernate/validator/hibernate-validator/6.0.18.Final/hibernate-validator-6.0.18.Final.jar:/Users/sashankasamantray/mavenrepo_local/org/springframework/spring-web/5.2.5.RELEASE/spring-web-5.2.5.RELEASE.jar:/Users/sashankasamantray/mavenrepo_local/org/springframework/spring-webmvc/5.2.5.RELEASE/spring-webmvc-5.2.5.RELEASE.jar:/Users/sashankasamantray/mavenrepo_local/org/springframework/spring-expression/5.2.5.RELEASE/spring-expression-5.2.5.RELEASE.jar:/Users/sashankasamantray/mavenrepo_local/org/apache/httpcomponents/httpclient/4.5.12/httpclient-4.5.12.jar:/Users/sashankasamantray/mavenrepo_local/org/apache/httpcomponents/httpcore/4.4.13/httpcore-4.4.13.jar:/Users/sashankasamantray/mavenrepo_local/commons-codec/commons-codec/1.13/commons-codec-1.13.jar:/Users/sashankasamantray/mavenrepo_local/org/springframework/boot/spring-boot-devtools/2.2.6.RELEASE/spring-boot-devtools-2.2.6.RELEASE.jar:/Users/sashankasamantray/mavenrepo_local/org/springframework/boot/spring-boot/2.2.6.RELEASE/spring-boot-2.2.6.RELEASE.jar:/Users/sashankasamantray/mavenrepo_local/org/springframework/boot/spring-boot-autoconfigure/2.2.6.RELEASE/spring-boot-autoconfigure-2.2.6.RELEASE.jar:/Users/sashankasamantray/mavenrepo_local/com/h2database/h2/1.4.200/h2-1.4.200.jar:/Users/sashankasamantray/mavenrepo_local/org/projectlombok/lombok/1.18.12/lombok-1.18.12.jar:/Users/sashankasamantray/mavenrepo_local/org/springframework/boot/spring-boot-starter-test/2.2.6.RELEASE/spring-boot-starter-test-2.2.6.RELEASE.jar:/Users/sashankasamantray/mavenrepo_local/org/springframework/boot/spring-boot-test/2.2.6.RELEASE/spring-boot-test-2.2.6.RELEASE.jar:/Users/sashankasamantray/mavenrepo_local/org/springframework/boot/spring-boot-test-autoconfigure/2.2.6.RELEASE/spring-boot-test-autoconfigure-2.2.6.RELEASE.jar:/Users/sashankasamantray/mavenrepo_local/com/jayway/jsonpath/json-path/2.4.0/json-path-2.4.0.jar:/Users/sashankasamantray/mavenrepo_local/net/minidev/json-smart/2.3/json-smart-2.3.jar:/Users/sashankasamantray/mavenrepo_local/net/minidev/accessors-smart/1.2/accessors-smart-1.2.jar:/Users/sashankasamantray/mavenrepo_local/org/ow2/asm/asm/5.0.4/asm-5.0.4.jar:/Users/sashankasamantray/mavenrepo_local/jakarta/xml/bind/jakarta.xml.bind-api/2.3.3/jakarta.xml.bind-api-2.3.3.jar:/Users/sashankasamantray/mavenrepo_local/org/junit/jupiter/junit-jupiter/5.5.2/junit-jupiter-5.5.2.jar:/Users/sashankasamantray/mavenrepo_local/org/junit/jupiter/junit-jupiter-api/5.5.2/junit-jupiter-api-5.5.2.jar:/Users/sashankasamantray/mavenrepo_local/org/apiguardian/apiguardian-api/1.1.0/apiguardian-api-1.1.0.jar:/Users/sashankasamantray/mavenrepo_local/org/opentest4j/opentest4j/1.2.0/opentest4j-1.2.0.jar:/Users/sashankasamantray/mavenrepo_local/org/junit/platform/junit-platform-commons/1.5.2/junit-platform-commons-1.5.2.jar:/Users/sashankasamantray/mavenrepo_local/org/junit/jupiter/junit-jupiter-params/5.5.2/junit-jupiter-params-5.5.2.jar:/Users/sashankasamantray/mavenrepo_local/org/junit/jupiter/junit-jupiter-engine/5.5.2/junit-jupiter-engine-5.5.2.jar:/Users/sashankasamantray/mavenrepo_local/org/junit/platform/junit-platform-engine/1.5.2/junit-platform-engine-1.5.2.jar:/Users/sashankasamantray/mavenrepo_local/org/mockito/mockito-junit-jupiter/3.1.0/mockito-junit-jupiter-3.1.0.jar:/Users/sashankasamantray/mavenrepo_local/org/assertj/assertj-core/3.13.2/assertj-core-3.13.2.jar:/Users/sashankasamantray/mavenrepo_local/org/hamcrest/hamcrest/2.1/hamcrest-2.1.jar:/Users/sashankasamantray/mavenrepo_local/org/mockito/mockito-core/3.1.0/mockito-core-3.1.0.jar:/Users/sashankasamantray/mavenrepo_local/net/bytebuddy/byte-buddy-agent/1.10.8/byte-buddy-agent-1.10.8.jar:/Users/sashankasamantray/mavenrepo_local/org/objenesis/objenesis/2.6/objenesis-2.6.jar:/Users/sashankasamantray/mavenrepo_local/org/skyscreamer/jsonassert/1.5.0/jsonassert-1.5.0.jar:/Users/sashankasamantray/mavenrepo_local/com/vaadin/external/google/android-json/0.0.20131108.vaadin1/android-json-0.0.20131108.vaadin1.jar:/Users/sashankasamantray/mavenrepo_local/org/springframework/spring-core/5.2.5.RELEASE/spring-core-5.2.5.RELEASE.jar:/Users/sashankasamantray/mavenrepo_local/org/springframework/spring-jcl/5.2.5.RELEASE/spring-jcl-5.2.5.RELEASE.jar:/Users/sashankasamantray/mavenrepo_local/org/springframework/spring-test/5.2.5.RELEASE/spring-test-5.2.5.RELEASE.jar:/Users/sashankasamantray/mavenrepo_local/org/xmlunit/xmlunit-core/2.6.4/xmlunit-core-2.6.4.jar:"/>
    <property name="java.vm.vendor" value="Oracle Corporation"/>
    <property name="sun.arch.data.model" value="64"/>
    <property name="java.vendor.url" value="http://java.oracle.com/"/>
    <property name="user.timezone" value=""/>
    <property name="java.vm.specification.version" value="11"/>
    <property name="os.name" value="Mac OS X"/>
    <property name="sun.java.launcher" value="SUN_STANDARD"/>
    <property name="user.country" value="GB"/>
    <property name="sun.boot.library.path" value="/Library/Java/JavaVirtualMachines/jdk-11.0.5.jdk/Contents/Home/lib"/>
    <property name="sun.java.command" value="/Users/sashankasamantray/my_projects/backend/http-clients/rest-client/target/surefire/surefirebooter4305978200801029871.jar /Users/sashankasamantray/my_projects/backend/http-clients/rest-client/target/surefire 2020-04-21T06-43-57_476-jvmRun1 surefire4593316619875315031tmp surefire_03820127028945180667tmp"/>
    <property name="http.nonProxyHosts" value="local|*.local|169.254/16|*.169.254/16"/>
    <property name="jdk.debug" value="release"/>
    <property name="surefire.test.class.path" value="/Users/sashankasamantray/my_projects/backend/http-clients/rest-client/target/test-classes:/Users/sashankasamantray/my_projects/backend/http-clients/rest-client/target/classes:/Users/sashankasamantray/mavenrepo_local/org/springframework/boot/spring-boot-starter-data-jpa/2.2.6.RELEASE/spring-boot-starter-data-jpa-2.2.6.RELEASE.jar:/Users/sashankasamantray/mavenrepo_local/org/springframework/boot/spring-boot-starter-aop/2.2.6.RELEASE/spring-boot-starter-aop-2.2.6.RELEASE.jar:/Users/sashankasamantray/mavenrepo_local/org/springframework/spring-aop/5.2.5.RELEASE/spring-aop-5.2.5.RELEASE.jar:/Users/sashankasamantray/mavenrepo_local/org/aspectj/aspectjweaver/1.9.5/aspectjweaver-1.9.5.jar:/Users/sashankasamantray/mavenrepo_local/org/springframework/boot/spring-boot-starter-jdbc/2.2.6.RELEASE/spring-boot-starter-jdbc-2.2.6.RELEASE.jar:/Users/sashankasamantray/mavenrepo_local/com/zaxxer/HikariCP/3.4.2/HikariCP-3.4.2.jar:/Users/sashankasamantray/mavenrepo_local/org/springframework/spring-jdbc/5.2.5.RELEASE/spring-jdbc-5.2.5.RELEASE.jar:/Users/sashankasamantray/mavenrepo_local/jakarta/activation/jakarta.activation-api/1.2.2/jakarta.activation-api-1.2.2.jar:/Users/sashankasamantray/mavenrepo_local/jakarta/persistence/jakarta.persistence-api/2.2.3/jakarta.persistence-api-2.2.3.jar:/Users/sashankasamantray/mavenrepo_local/jakarta/transaction/jakarta.transaction-api/1.3.3/jakarta.transaction-api-1.3.3.jar:/Users/sashankasamantray/mavenrepo_local/org/hibernate/hibernate-core/5.4.12.Final/hibernate-core-5.4.12.Final.jar:/Users/sashankasamantray/mavenrepo_local/org/jboss/logging/jboss-logging/3.4.1.Final/jboss-logging-3.4.1.Final.jar:/Users/sashankasamantray/mavenrepo_local/org/javassist/javassist/3.24.0-GA/javassist-3.24.0-GA.jar:/Users/sashankasamantray/mavenrepo_local/net/bytebuddy/byte-buddy/1.10.8/byte-buddy-1.10.8.jar:/Users/sashankasamantray/mavenrepo_local/antlr/antlr/2.7.7/antlr-2.7.7.jar:/Users/sashankasamantray/mavenrepo_local/org/jboss/jandex/2.1.1.Final/jandex-2.1.1.Final.jar:/Users/sashankasamantray/mavenrepo_local/com/fasterxml/classmate/1.5.1/classmate-1.5.1.jar:/Users/sashankasamantray/mavenrepo_local/org/dom4j/dom4j/2.1.1/dom4j-2.1.1.jar:/Users/sashankasamantray/mavenrepo_local/org/hibernate/common/hibernate-commons-annotations/5.1.0.Final/hibernate-commons-annotations-5.1.0.Final.jar:/Users/sashankasamantray/mavenrepo_local/org/glassfish/jaxb/jaxb-runtime/2.3.2/jaxb-runtime-2.3.2.jar:/Users/sashankasamantray/mavenrepo_local/org/glassfish/jaxb/txw2/2.3.2/txw2-2.3.2.jar:/Users/sashankasamantray/mavenrepo_local/com/sun/istack/istack-commons-runtime/3.0.8/istack-commons-runtime-3.0.8.jar:/Users/sashankasamantray/mavenrepo_local/org/jvnet/staxex/stax-ex/1.8.1/stax-ex-1.8.1.jar:/Users/sashankasamantray/mavenrepo_local/com/sun/xml/fastinfoset/FastInfoset/1.2.16/FastInfoset-1.2.16.jar:/Users/sashankasamantray/mavenrepo_local/org/springframework/data/spring-data-jpa/2.2.6.RELEASE/spring-data-jpa-2.2.6.RELEASE.jar:/Users/sashankasamantray/mavenrepo_local/org/springframework/data/spring-data-commons/2.2.6.RELEASE/spring-data-commons-2.2.6.RELEASE.jar:/Users/sashankasamantray/mavenrepo_local/org/springframework/spring-orm/5.2.5.RELEASE/spring-orm-5.2.5.RELEASE.jar:/Users/sashankasamantray/mavenrepo_local/org/springframework/spring-context/5.2.5.RELEASE/spring-context-5.2.5.RELEASE.jar:/Users/sashankasamantray/mavenrepo_local/org/springframework/spring-tx/5.2.5.RELEASE/spring-tx-5.2.5.RELEASE.jar:/Users/sashankasamantray/mavenrepo_local/org/springframework/spring-beans/5.2.5.RELEASE/spring-beans-5.2.5.RELEASE.jar:/Users/sashankasamantray/mavenrepo_local/org/slf4j/slf4j-api/1.7.30/slf4j-api-1.7.30.jar:/Users/sashankasamantray/mavenrepo_local/org/springframework/spring-aspects/5.2.5.RELEASE/spring-aspects-5.2.5.RELEASE.jar:/Users/sashankasamantray/mavenrepo_local/org/springframework/boot/spring-boot-starter-web/2.2.6.RELEASE/spring-boot-starter-web-2.2.6.RELEASE.jar:/Users/sashankasamantray/mavenrepo_local/org/springframework/boot/spring-boot-starter/2.2.6.RELEASE/spring-boot-starter-2.2.6.RELEASE.jar:/Users/sashankasamantray/mavenrepo_local/org/springframework/boot/spring-boot-starter-logging/2.2.6.RELEASE/spring-boot-starter-logging-2.2.6.RELEASE.jar:/Users/sashankasamantray/mavenrepo_local/ch/qos/logback/logback-classic/1.2.3/logback-classic-1.2.3.jar:/Users/sashankasamantray/mavenrepo_local/ch/qos/logback/logback-core/1.2.3/logback-core-1.2.3.jar:/Users/sashankasamantray/mavenrepo_local/org/apache/logging/log4j/log4j-to-slf4j/2.12.1/log4j-to-slf4j-2.12.1.jar:/Users/sashankasamantray/mavenrepo_local/org/apache/logging/log4j/log4j-api/2.12.1/log4j-api-2.12.1.jar:/Users/sashankasamantray/mavenrepo_local/org/slf4j/jul-to-slf4j/1.7.30/jul-to-slf4j-1.7.30.jar:/Users/sashankasamantray/mavenrepo_local/jakarta/annotation/jakarta.annotation-api/1.3.5/jakarta.annotation-api-1.3.5.jar:/Users/sashankasamantray/mavenrepo_local/org/yaml/snakeyaml/1.25/snakeyaml-1.25.jar:/Users/sashankasamantray/mavenrepo_local/org/springframework/boot/spring-boot-starter-json/2.2.6.RELEASE/spring-boot-starter-json-2.2.6.RELEASE.jar:/Users/sashankasamantray/mavenrepo_local/com/fasterxml/jackson/core/jackson-databind/2.10.3/jackson-databind-2.10.3.jar:/Users/sashankasamantray/mavenrepo_local/com/fasterxml/jackson/core/jackson-annotations/2.10.3/jackson-annotations-2.10.3.jar:/Users/sashankasamantray/mavenrepo_local/com/fasterxml/jackson/core/jackson-core/2.10.3/jackson-core-2.10.3.jar:/Users/sashankasamantray/mavenrepo_local/com/fasterxml/jackson/datatype/jackson-datatype-jdk8/2.10.3/jackson-datatype-jdk8-2.10.3.jar:/Users/sashankasamantray/mavenrepo_local/com/fasterxml/jackson/datatype/jackson-datatype-jsr310/2.10.3/jackson-datatype-jsr310-2.10.3.jar:/Users/sashankasamantray/mavenrepo_local/com/fasterxml/jackson/module/jackson-module-parameter-names/2.10.3/jackson-module-parameter-names-2.10.3.jar:/Users/sashankasamantray/mavenrepo_local/org/springframework/boot/spring-boot-starter-tomcat/2.2.6.RELEASE/spring-boot-starter-tomcat-2.2.6.RELEASE.jar:/Users/sashankasamantray/mavenrepo_local/org/apache/tomcat/embed/tomcat-embed-core/9.0.33/tomcat-embed-core-9.0.33.jar:/Users/sashankasamantray/mavenrepo_local/org/apache/tomcat/embed/tomcat-embed-el/9.0.33/tomcat-embed-el-9.0.33.jar:/Users/sashankasamantray/mavenrepo_local/org/apache/tomcat/embed/tomcat-embed-websocket/9.0.33/tomcat-embed-websocket-9.0.33.jar:/Users/sashankasamantray/mavenrepo_local/org/springframework/boot/spring-boot-starter-validation/2.2.6.RELEASE/spring-boot-starter-validation-2.2.6.RELEASE.jar:/Users/sashankasamantray/mavenrepo_local/jakarta/validation/jakarta.validation-api/2.0.2/jakarta.validation-api-2.0.2.jar:/Users/sashankasamantray/mavenrepo_local/org/hibernate/validator/hibernate-validator/6.0.18.Final/hibernate-validator-6.0.18.Final.jar:/Users/sashankasamantray/mavenrepo_local/org/springframework/spring-web/5.2.5.RELEASE/spring-web-5.2.5.RELEASE.jar:/Users/sashankasamantray/mavenrepo_local/org/springframework/spring-webmvc/5.2.5.RELEASE/spring-webmvc-5.2.5.RELEASE.jar:/Users/sashankasamantray/mavenrepo_local/org/springframework/spring-expression/5.2.5.RELEASE/spring-expression-5.2.5.RELEASE.jar:/Users/sashankasamantray/mavenrepo_local/org/apache/httpcomponents/httpclient/4.5.12/httpclient-4.5.12.jar:/Users/sashankasamantray/mavenrepo_local/org/apache/httpcomponents/httpcore/4.4.13/httpcore-4.4.13.jar:/Users/sashankasamantray/mavenrepo_local/commons-codec/commons-codec/1.13/commons-codec-1.13.jar:/Users/sashankasamantray/mavenrepo_local/org/springframework/boot/spring-boot-devtools/2.2.6.RELEASE/spring-boot-devtools-2.2.6.RELEASE.jar:/Users/sashankasamantray/mavenrepo_local/org/springframework/boot/spring-boot/2.2.6.RELEASE/spring-boot-2.2.6.RELEASE.jar:/Users/sashankasamantray/mavenrepo_local/org/springframework/boot/spring-boot-autoconfigure/2.2.6.RELEASE/spring-boot-autoconfigure-2.2.6.RELEASE.jar:/Users/sashankasamantray/mavenrepo_local/com/h2database/h2/1.4.200/h2-1.4.200.jar:/Users/sashankasamantray/mavenrepo_local/org/projectlombok/lombok/1.18.12/lombok-1.18.12.jar:/Users/sashankasamantray/mavenrepo_local/org/springframework/boot/spring-boot-starter-test/2.2.6.RELEASE/spring-boot-starter-test-2.2.6.RELEASE.jar:/Users/sashankasamantray/mavenrepo_local/org/springframework/boot/spring-boot-test/2.2.6.RELEASE/spring-boot-test-2.2.6.RELEASE.jar:/Users/sashankasamantray/mavenrepo_local/org/springframework/boot/spring-boot-test-autoconfigure/2.2.6.RELEASE/spring-boot-test-autoconfigure-2.2.6.RELEASE.jar:/Users/sashankasamantray/mavenrepo_local/com/jayway/jsonpath/json-path/2.4.0/json-path-2.4.0.jar:/Users/sashankasamantray/mavenrepo_local/net/minidev/json-smart/2.3/json-smart-2.3.jar:/Users/sashankasamantray/mavenrepo_local/net/minidev/accessors-smart/1.2/accessors-smart-1.2.jar:/Users/sashankasamantray/mavenrepo_local/org/ow2/asm/asm/5.0.4/asm-5.0.4.jar:/Users/sashankasamantray/mavenrepo_local/jakarta/xml/bind/jakarta.xml.bind-api/2.3.3/jakarta.xml.bind-api-2.3.3.jar:/Users/sashankasamantray/mavenrepo_local/org/junit/jupiter/junit-jupiter/5.5.2/junit-jupiter-5.5.2.jar:/Users/sashankasamantray/mavenrepo_local/org/junit/jupiter/junit-jupiter-api/5.5.2/junit-jupiter-api-5.5.2.jar:/Users/sashankasamantray/mavenrepo_local/org/apiguardian/apiguardian-api/1.1.0/apiguardian-api-1.1.0.jar:/Users/sashankasamantray/mavenrepo_local/org/opentest4j/opentest4j/1.2.0/opentest4j-1.2.0.jar:/Users/sashankasamantray/mavenrepo_local/org/junit/platform/junit-platform-commons/1.5.2/junit-platform-commons-1.5.2.jar:/Users/sashankasamantray/mavenrepo_local/org/junit/jupiter/junit-jupiter-params/5.5.2/junit-jupiter-params-5.5.2.jar:/Users/sashankasamantray/mavenrepo_local/org/junit/jupiter/junit-jupiter-engine/5.5.2/junit-jupiter-engine-5.5.2.jar:/Users/sashankasamantray/mavenrepo_local/org/junit/platform/junit-platform-engine/1.5.2/junit-platform-engine-1.5.2.jar:/Users/sashankasamantray/mavenrepo_local/org/mockito/mockito-junit-jupiter/3.1.0/mockito-junit-jupiter-3.1.0.jar:/Users/sashankasamantray/mavenrepo_local/org/assertj/assertj-core/3.13.2/assertj-core-3.13.2.jar:/Users/sashankasamantray/mavenrepo_local/org/hamcrest/hamcrest/2.1/hamcrest-2.1.jar:/Users/sashankasamantray/mavenrepo_local/org/mockito/mockito-core/3.1.0/mockito-core-3.1.0.jar:/Users/sashankasamantray/mavenrepo_local/net/bytebuddy/byte-buddy-agent/1.10.8/byte-buddy-agent-1.10.8.jar:/Users/sashankasamantray/mavenrepo_local/org/objenesis/objenesis/2.6/objenesis-2.6.jar:/Users/sashankasamantray/mavenrepo_local/org/skyscreamer/jsonassert/1.5.0/jsonassert-1.5.0.jar:/Users/sashankasamantray/mavenrepo_local/com/vaadin/external/google/android-json/0.0.20131108.vaadin1/android-json-0.0.20131108.vaadin1.jar:/Users/sashankasamantray/mavenrepo_local/org/springframework/spring-core/5.2.5.RELEASE/spring-core-5.2.5.RELEASE.jar:/Users/sashankasamantray/mavenrepo_local/org/springframework/spring-jcl/5.2.5.RELEASE/spring-jcl-5.2.5.RELEASE.jar:/Users/sashankasamantray/mavenrepo_local/org/springframework/spring-test/5.2.5.RELEASE/spring-test-5.2.5.RELEASE.jar:/Users/sashankasamantray/mavenrepo_local/org/xmlunit/xmlunit-core/2.6.4/xmlunit-core-2.6.4.jar:"/>
    <property name="sun.cpu.endian" value="little"/>
    <property name="user.home" value="/Users/sashankasamantray"/>
    <property name="user.language" value="en"/>
    <property name="java.specification.vendor" value="Oracle Corporation"/>
    <property name="java.version.date" value="2019-10-15"/>
    <property name="java.home" value="/Library/Java/JavaVirtualMachines/jdk-11.0.5.jdk/Contents/Home"/>
    <property name="file.separator" value="/"/>
    <property name="basedir" value="/Users/sashankasamantray/my_projects/backend/http-clients/rest-client"/>
    <property name="java.vm.compressedOopsMode" value="Zero based"/>
    <property name="line.separator" value="&#10;"/>
    <property name="java.specification.name" value="Java Platform API Specification"/>
    <property name="java.vm.specification.vendor" value="Oracle Corporation"/>
    <property name="java.awt.graphicsenv" value="sun.awt.CGraphicsEnvironment"/>
    <property name="surefire.real.class.path" value="/Users/sashankasamantray/my_projects/backend/http-clients/rest-client/target/surefire/surefirebooter4305978200801029871.jar"/>
    <property name="sun.management.compiler" value="HotSpot 64-Bit Tiered Compilers"/>
    <property name="ftp.nonProxyHosts" value="local|*.local|169.254/16|*.169.254/16"/>
    <property name="java.runtime.version" value="11.0.5+10-LTS"/>
    <property name="user.name" value="sashankasamantray"/>
    <property name="path.separator" value=":"/>
    <property name="os.version" value="10.15.3"/>
    <property name="java.runtime.name" value="Java(TM) SE Runtime Environment"/>
    <property name="file.encoding" value="UTF-8"/>
    <property name="java.vm.name" value="Java HotSpot(TM) 64-Bit Server VM"/>
    <property name="java.vendor.version" value="18.9"/>
    <property name="localRepository" value="/Users/sashankasamantray/mavenrepo_local"/>
    <property name="java.vendor.url.bug" value="http://bugreport.java.com/bugreport/"/>
    <property name="java.io.tmpdir" value="/var/folders/g2/0xj87nls1kl50m1y6k5_23380000gn/T/"/>
    <property name="java.version" value="11.0.5"/>
    <property name="user.dir" value="/Users/sashankasamantray/my_projects/backend/http-clients/rest-client"/>
    <property name="os.arch" value="x86_64"/>
    <property name="java.vm.specification.name" value="Java Virtual Machine Specification"/>
    <property name="java.awt.printerjob" value="sun.lwawt.macosx.CPrinterJob"/>
    <property name="sun.os.patch.level" value="unknown"/>
    <property name="java.library.path" value="/Users/sashankasamantray/Library/Java/Extensions:/Library/Java/Extensions:/Network/Library/Java/Extensions:/System/Library/Java/Extensions:/usr/lib/java:."/>
    <property name="java.vendor" value="Oracle Corporation"/>
    <property name="java.vm.info" value="mixed mode"/>
    <property name="java.vm.version" value="11.0.5+10-LTS"/>
    <property name="sun.io.unicode.encoding" value="UnicodeBig"/>
    <property name="java.class.version" value="55.0"/>
    <property name="socksNonProxyHosts" value="local|*.local|169.254/16|*.169.254/16"/>
  </properties>
  <testcase name="getForEntityTest" classname="com.configure.restclient.client.EmployeeGetRestClientTest" time="0.427"/>
  <testcase name="postForEntityTest" classname="com.configure.restclient.client.EmployeeGetRestClientTest" time="0.038"/>
  <testcase name="putTest" classname="com.configure.restclient.client.EmployeeGetRestClientTest" time="0.016"/>
  <testcase name="getForEntityNotFoundTest" classname="com.configure.restclient.client.EmployeeGetRestClientTest" time="0.023"/>
  <testcase name="getAllTest" classname="com.configure.restclient.client.EmployeeGetRestClientTest" time="0.169"/>
  <testcase name="getForObjectTest" classname="com.configure.restclient.client.EmployeeGetRestClientTest" time="0.007"/>
  <testcase name="postForObjectTest" classname="com.configure.restclient.client.EmployeeGetRestClientTest" time="0.009"/>
  <testcase name="deleteWithExchangeTest" classname="com.configure.restclient.client.EmployeeGetRestClientTest" time="0.018"/>
</testsuite>